16:32:31.401 [error] Received textDocument/didChange before server was initialized
16:32:31.409 [error] Failed to handle Elixir.LXical.Protocol.Notifications.DidChange, {{:error, :not_initialized}, %{__struct__: LXical.Server.State, configuration: nil, in_flight_requests: %{}, initialized?: false, shutdown_received?: false}}
16:32:31.409 [error] Could not handle message LXical.Protocol.Notifications.DidChange :ok
16:32:32.652 [error] ** (FunctionClauseError) no function clause matching in LXical.Server.Provider.Handlers.CodeLens.handle/2
    (lx_server 0.7.2) lib/lexical/server/provider/handlers/code_lens.ex:16: LXical.Server.Provider.Handlers.CodeLens.handle(%{id: 167, __struct__: LXical.Protocol.Requests.CodeLens, document: #Inspect.Error<
  got UndefinedFunctionError with message:

      """
      function Code.Identifier.inspect_as_atom/1 is undefined or private
      """

  while inspecting:

      %{
        version: 61,
        path: "/home/fermuch/Documentos/Dev/AYVU/nerves_system_coral/demo/mix.exs",
        uri: "file:///home/fermuch/Documentos/Dev/AYVU/nerves_system_coral/demo/mix.exs",
        __struct__: LXical.Document,
        lines: %Lines<"defmodule Demo.MixProject do..."(68 lines)>,
        dirty?: true,
        language_id: "elixir-script"
      }

  Stacktrace:

    (elixir 1.18.4) Code.Identifier.inspect_as_atom(LXical.Document)
    (lx_lexical_shared 0.5.0) lib/lexical/document.ex:25: Inspect.LXical.Document.inspect/2
    (elixir 1.18.4) lib/inspect/algebra.ex:348: Inspect.Algebra.to_doc/2
    (elixir 1.18.4) lib/inspect.ex:366: Inspect.List.keyword/2
    (elixir 1.18.4) lib/inspect/algebra.ex:479: Inspect.Algebra.container_each/6
    (elixir 1.18.4) lib/inspect/algebra.ex:456: Inspect.Algebra.container_doc/6
    (elixir 1.18.4) lib/inspect/algebra.ex:348: Inspect.Algebra.to_doc/2
    (elixir 1.18.4) lib/kernel.ex:2376: Kernel.inspect/2

>, lsp: %{id: 167, __struct__: LXical.Protocol.Requests.CodeLens.LSP, text_document: #Protocol.Types.TextDocument.Identifier<[uri: "file:///home/fermuch/Documentos/Dev/AYVU/nerves_system_coral/demo/mix.exs"]>, method: "textDocument/codeLens", jsonrpc: "2.0", partial_result_token: nil, work_done_token: nil}, text_document: #Protocol.Types.TextDocument.Identifier<[uri: "file:///home/fermuch/Documentos/Dev/AYVU/nerves_system_coral/demo/mix.exs"]>, method: "textDocument/codeLens", jsonrpc: "2.0", partial_result_token: nil, work_done_token: nil}, nil)
    (lx_server 0.7.2) lib/lexical/server/task_queue.ex:79: anonymous fn/4 in LXical.Server.TaskQueue.State.as_task/2
    (elixir 1.18.4) lib/task/supervised.ex:101: Task.Supervised.invoke_mfa/2
    (elixir 1.18.4) lib/task/supervised.ex:36: Task.Supervised.reply/4

16:32:32.653 [warning] Task Elixir.LXical.Server.Provider.Handlers.CodeLens.handle/2 ran for  2 ms. Result :success
16:32:32.656 [error] ** (FunctionClauseError) no function clause matching in LXical.Server.Provider.Handlers.DocumentSymbols.handle/2
    (lx_server 0.7.2) lib/lexical/server/provider/handlers/document_symbols.ex:13: LXical.Server.Provider.Handlers.DocumentSymbols.handle(%{id: 169, __struct__: LXical.Protocol.Requests.DocumentSymbols, document: #Inspect.Error<
  got UndefinedFunctionError with message:

      """
      function Code.Identifier.inspect_as_atom/1 is undefined or private
      """

  while inspecting:

      %{
        version: 61,
        path: "/home/fermuch/Documentos/Dev/AYVU/nerves_system_coral/demo/mix.exs",
        uri: "file:///home/fermuch/Documentos/Dev/AYVU/nerves_system_coral/demo/mix.exs",
        __struct__: LXical.Document,
        lines: %Lines<"defmodule Demo.MixProject do..."(68 lines)>,
        dirty?: true,
        language_id: "elixir-script"
      }

  Stacktrace:

    (elixir 1.18.4) Code.Identifier.inspect_as_atom(LXical.Document)
    (lx_lexical_shared 0.5.0) lib/lexical/document.ex:25: Inspect.LXical.Document.inspect/2
    (elixir 1.18.4) lib/inspect/algebra.ex:348: Inspect.Algebra.to_doc/2
    (elixir 1.18.4) lib/inspect.ex:366: Inspect.List.keyword/2
    (elixir 1.18.4) lib/inspect/algebra.ex:479: Inspect.Algebra.container_each/6
    (elixir 1.18.4) lib/inspect/algebra.ex:456: Inspect.Algebra.container_doc/6
    (elixir 1.18.4) lib/inspect/algebra.ex:348: Inspect.Algebra.to_doc/2
    (elixir 1.18.4) lib/kernel.ex:2376: Kernel.inspect/2

>, lsp: %{id: 169, __struct__: LXical.Protocol.Requests.DocumentSymbols.LSP, text_document: #Protocol.Types.TextDocument.Identifier<[uri: "file:///home/fermuch/Documentos/Dev/AYVU/nerves_system_coral/demo/mix.exs"]>, method: "textDocument/documentSymbol", jsonrpc: "2.0", partial_result_token: nil, work_done_token: nil}, text_document: #Protocol.Types.TextDocument.Identifier<[uri: "file:///home/fermuch/Documentos/Dev/AYVU/nerves_system_coral/demo/mix.exs"]>, method: "textDocument/documentSymbol", jsonrpc: "2.0", partial_result_token: nil, work_done_token: nil}, nil)
    (lx_server 0.7.2) lib/lexical/server/task_queue.ex:79: anonymous fn/4 in LXical.Server.TaskQueue.State.as_task/2
    (elixir 1.18.4) lib/task/supervised.ex:101: Task.Supervised.invoke_mfa/2
    (elixir 1.18.4) lib/task/supervised.ex:36: Task.Supervised.reply/4

16:32:32.656 [warning] Task Elixir.LXical.Server.Provider.Handlers.DocumentSymbols.handle/2 ran for  3 ms. Result :success
16:32:32.656 [error] ** (FunctionClauseError) no function clause matching in LXical.Server.Provider.Handlers.DocumentSymbols.handle/2
    (lx_server 0.7.2) lib/lexical/server/provider/handlers/document_symbols.ex:13: LXical.Server.Provider.Handlers.DocumentSymbols.handle(%{id: 168, __struct__: LXical.Protocol.Requests.DocumentSymbols, document: #Inspect.Error<
  got UndefinedFunctionError with message:

      """
      function Code.Identifier.inspect_as_atom/1 is undefined or private
      """

  while inspecting:

      %{
        version: 61,
        path: "/home/fermuch/Documentos/Dev/AYVU/nerves_system_coral/demo/mix.exs",
        uri: "file:///home/fermuch/Documentos/Dev/AYVU/nerves_system_coral/demo/mix.exs",
        __struct__: LXical.Document,
        lines: %Lines<"defmodule Demo.MixProject do..."(68 lines)>,
        dirty?: true,
        language_id: "elixir-script"
      }

  Stacktrace:

    (elixir 1.18.4) Code.Identifier.inspect_as_atom(LXical.Document)
    (lx_lexical_shared 0.5.0) lib/lexical/document.ex:25: Inspect.LXical.Document.inspect/2
    (elixir 1.18.4) lib/inspect/algebra.ex:348: Inspect.Algebra.to_doc/2
    (elixir 1.18.4) lib/inspect.ex:366: Inspect.List.keyword/2
    (elixir 1.18.4) lib/inspect/algebra.ex:479: Inspect.Algebra.container_each/6
    (elixir 1.18.4) lib/inspect/algebra.ex:456: Inspect.Algebra.container_doc/6
    (elixir 1.18.4) lib/inspect/algebra.ex:348: Inspect.Algebra.to_doc/2
    (elixir 1.18.4) lib/kernel.ex:2376: Kernel.inspect/2

>, lsp: %{id: 168, __struct__: LXical.Protocol.Requests.DocumentSymbols.LSP, text_document: #Protocol.Types.TextDocument.Identifier<[uri: "file:///home/fermuch/Documentos/Dev/AYVU/nerves_system_coral/demo/mix.exs"]>, method: "textDocument/documentSymbol", jsonrpc: "2.0", partial_result_token: nil, work_done_token: nil}, text_document: #Protocol.Types.TextDocument.Identifier<[uri: "file:///home/fermuch/Documentos/Dev/AYVU/nerves_system_coral/demo/mix.exs"]>, method: "textDocument/documentSymbol", jsonrpc: "2.0", partial_result_token: nil, work_done_token: nil}, nil)
    (lx_server 0.7.2) lib/lexical/server/task_queue.ex:79: anonymous fn/4 in LXical.Server.TaskQueue.State.as_task/2
    (elixir 1.18.4) lib/task/supervised.ex:101: Task.Supervised.invoke_mfa/2
    (elixir 1.18.4) lib/task/supervised.ex:36: Task.Supervised.reply/4

16:32:32.657 [warning] Task Elixir.LXical.Server.Provider.Handlers.DocumentSymbols.handle/2 ran for  3 ms. Result :success
16:32:33.459 [error] ** (FunctionClauseError) no function clause matching in LXical.Server.Provider.Handlers.CodeLens.handle/2
    (lx_server 0.7.2) lib/lexical/server/provider/handlers/code_lens.ex:16: LXical.Server.Provider.Handlers.CodeLens.handle(%{id: 170, __struct__: LXical.Protocol.Requests.CodeLens, document: #Inspect.Error<
  got UndefinedFunctionError with message:

      """
      function Code.Identifier.inspect_as_atom/1 is undefined or private
      """

  while inspecting:

      %{
        version: 61,
        path: "/home/fermuch/Documentos/Dev/AYVU/nerves_system_coral/demo/mix.exs",
        uri: "file:///home/fermuch/Documentos/Dev/AYVU/nerves_system_coral/demo/mix.exs",
        __struct__: LXical.Document,
        lines: %Lines<"defmodule Demo.MixProject do..."(68 lines)>,
        dirty?: true,
        language_id: "elixir-script"
      }

  Stacktrace:

    (elixir 1.18.4) Code.Identifier.inspect_as_atom(LXical.Document)
    (lx_lexical_shared 0.5.0) lib/lexical/document.ex:25: Inspect.LXical.Document.inspect/2
    (elixir 1.18.4) lib/inspect/algebra.ex:348: Inspect.Algebra.to_doc/2
    (elixir 1.18.4) lib/inspect.ex:366: Inspect.List.keyword/2
    (elixir 1.18.4) lib/inspect/algebra.ex:479: Inspect.Algebra.container_each/6
    (elixir 1.18.4) lib/inspect/algebra.ex:456: Inspect.Algebra.container_doc/6
    (elixir 1.18.4) lib/inspect/algebra.ex:348: Inspect.Algebra.to_doc/2
    (elixir 1.18.4) lib/kernel.ex:2376: Kernel.inspect/2

>, lsp: %{id: 170, __struct__: LXical.Protocol.Requests.CodeLens.LSP, text_document: #Protocol.Types.TextDocument.Identifier<[uri: "file:///home/fermuch/Documentos/Dev/AYVU/nerves_system_coral/demo/mix.exs"]>, method: "textDocument/codeLens", jsonrpc: "2.0", partial_result_token: nil, work_done_token: nil}, text_document: #Protocol.Types.TextDocument.Identifier<[uri: "file:///home/fermuch/Documentos/Dev/AYVU/nerves_system_coral/demo/mix.exs"]>, method: "textDocument/codeLens", jsonrpc: "2.0", partial_result_token: nil, work_done_token: nil}, nil)
    (lx_server 0.7.2) lib/lexical/server/task_queue.ex:79: anonymous fn/4 in LXical.Server.TaskQueue.State.as_task/2
    (elixir 1.18.4) lib/task/supervised.ex:101: Task.Supervised.invoke_mfa/2
    (elixir 1.18.4) lib/task/supervised.ex:36: Task.Supervised.reply/4

16:32:33.459 [warning] Task Elixir.LXical.Server.Provider.Handlers.CodeLens.handle/2 ran for  1 ms. Result :success
16:32:34.563 [error] Received textDocument/didChange before server was initialized
16:32:34.563 [error] Failed to handle Elixir.LXical.Protocol.Notifications.DidChange, {{:error, :not_initialized}, %{__struct__: LXical.Server.State, configuration: nil, in_flight_requests: %{}, initialized?: false, shutdown_received?: false}}
16:32:34.564 [error] Could not handle message LXical.Protocol.Notifications.DidChange :ok
16:32:34.816 [error] ** (FunctionClauseError) no function clause matching in LXical.Server.Provider.Handlers.CodeLens.handle/2
    (lx_server 0.7.2) lib/lexical/server/provider/handlers/code_lens.ex:16: LXical.Server.Provider.Handlers.CodeLens.handle(%{id: 171, __struct__: LXical.Protocol.Requests.CodeLens, document: #Inspect.Error<
  got UndefinedFunctionError with message:

      """
      function Code.Identifier.inspect_as_atom/1 is undefined or private
      """

  while inspecting:

      %{
        version: 61,
        path: "/home/fermuch/Documentos/Dev/AYVU/nerves_system_coral/demo/mix.exs",
        uri: "file:///home/fermuch/Documentos/Dev/AYVU/nerves_system_coral/demo/mix.exs",
        __struct__: LXical.Document,
        lines: %Lines<"defmodule Demo.MixProject do..."(68 lines)>,
        dirty?: true,
        language_id: "elixir-script"
      }

  Stacktrace:

    (elixir 1.18.4) Code.Identifier.inspect_as_atom(LXical.Document)
    (lx_lexical_shared 0.5.0) lib/lexical/document.ex:25: Inspect.LXical.Document.inspect/2
    (elixir 1.18.4) lib/inspect/algebra.ex:348: Inspect.Algebra.to_doc/2
    (elixir 1.18.4) lib/inspect.ex:366: Inspect.List.keyword/2
    (elixir 1.18.4) lib/inspect/algebra.ex:479: Inspect.Algebra.container_each/6
    (elixir 1.18.4) lib/inspect/algebra.ex:456: Inspect.Algebra.container_doc/6
    (elixir 1.18.4) lib/inspect/algebra.ex:348: Inspect.Algebra.to_doc/2
    (elixir 1.18.4) lib/kernel.ex:2376: Kernel.inspect/2

>, lsp: %{id: 171, __struct__: LXical.Protocol.Requests.CodeLens.LSP, text_document: #Protocol.Types.TextDocument.Identifier<[uri: "file:///home/fermuch/Documentos/Dev/AYVU/nerves_system_coral/demo/mix.exs"]>, method: "textDocument/codeLens", jsonrpc: "2.0", partial_result_token: nil, work_done_token: nil}, text_document: #Protocol.Types.TextDocument.Identifier<[uri: "file:///home/fermuch/Documentos/Dev/AYVU/nerves_system_coral/demo/mix.exs"]>, method: "textDocument/codeLens", jsonrpc: "2.0", partial_result_token: nil, work_done_token: nil}, nil)
    (lx_server 0.7.2) lib/lexical/server/task_queue.ex:79: anonymous fn/4 in LXical.Server.TaskQueue.State.as_task/2
    (elixir 1.18.4) lib/task/supervised.ex:101: Task.Supervised.invoke_mfa/2
    (elixir 1.18.4) lib/task/supervised.ex:36: Task.Supervised.reply/4

16:32:34.816 [warning] Task Elixir.LXical.Server.Provider.Handlers.CodeLens.handle/2 ran for  2 ms. Result :success
16:32:34.919 [error] ** (FunctionClauseError) no function clause matching in LXical.Server.Provider.Handlers.DocumentSymbols.handle/2
    (lx_server 0.7.2) lib/lexical/server/provider/handlers/document_symbols.ex:13: LXical.Server.Provider.Handlers.DocumentSymbols.handle(%{id: 172, __struct__: LXical.Protocol.Requests.DocumentSymbols, document: #Inspect.Error<
  got UndefinedFunctionError with message:

      """
      function Code.Identifier.inspect_as_atom/1 is undefined or private
      """

  while inspecting:

      %{
        version: 61,
        path: "/home/fermuch/Documentos/Dev/AYVU/nerves_system_coral/demo/mix.exs",
        uri: "file:///home/fermuch/Documentos/Dev/AYVU/nerves_system_coral/demo/mix.exs",
        __struct__: LXical.Document,
        lines: %Lines<"defmodule Demo.MixProject do..."(68 lines)>,
        dirty?: true,
        language_id: "elixir-script"
      }

  Stacktrace:

    (elixir 1.18.4) Code.Identifier.inspect_as_atom(LXical.Document)
    (lx_lexical_shared 0.5.0) lib/lexical/document.ex:25: Inspect.LXical.Document.inspect/2
    (elixir 1.18.4) lib/inspect/algebra.ex:348: Inspect.Algebra.to_doc/2
    (elixir 1.18.4) lib/inspect.ex:366: Inspect.List.keyword/2
    (elixir 1.18.4) lib/inspect/algebra.ex:479: Inspect.Algebra.container_each/6
    (elixir 1.18.4) lib/inspect/algebra.ex:456: Inspect.Algebra.container_doc/6
    (elixir 1.18.4) lib/inspect/algebra.ex:348: Inspect.Algebra.to_doc/2
    (elixir 1.18.4) lib/kernel.ex:2376: Kernel.inspect/2

>, lsp: %{id: 172, __struct__: LXical.Protocol.Requests.DocumentSymbols.LSP, text_document: #Protocol.Types.TextDocument.Identifier<[uri: "file:///home/fermuch/Documentos/Dev/AYVU/nerves_system_coral/demo/mix.exs"]>, method: "textDocument/documentSymbol", jsonrpc: "2.0", partial_result_token: nil, work_done_token: nil}, text_document: #Protocol.Types.TextDocument.Identifier<[uri: "file:///home/fermuch/Documentos/Dev/AYVU/nerves_system_coral/demo/mix.exs"]>, method: "textDocument/documentSymbol", jsonrpc: "2.0", partial_result_token: nil, work_done_token: nil}, nil)
    (lx_server 0.7.2) lib/lexical/server/task_queue.ex:79: anonymous fn/4 in LXical.Server.TaskQueue.State.as_task/2
    (elixir 1.18.4) lib/task/supervised.ex:101: Task.Supervised.invoke_mfa/2
    (elixir 1.18.4) lib/task/supervised.ex:36: Task.Supervised.reply/4

16:32:34.919 [warning] Task Elixir.LXical.Server.Provider.Handlers.DocumentSymbols.handle/2 ran for  2 ms. Result :success
16:32:34.919 [error] ** (FunctionClauseError) no function clause matching in LXical.Server.Provider.Handlers.DocumentSymbols.handle/2
    (lx_server 0.7.2) lib/lexical/server/provider/handlers/document_symbols.ex:13: LXical.Server.Provider.Handlers.DocumentSymbols.handle(%{id: 173, __struct__: LXical.Protocol.Requests.DocumentSymbols, document: #Inspect.Error<
  got UndefinedFunctionError with message:

      """
      function Code.Identifier.inspect_as_atom/1 is undefined or private
      """

  while inspecting:

      %{
        version: 61,
        path: "/home/fermuch/Documentos/Dev/AYVU/nerves_system_coral/demo/mix.exs",
        uri: "file:///home/fermuch/Documentos/Dev/AYVU/nerves_system_coral/demo/mix.exs",
        __struct__: LXical.Document,
        lines: %Lines<"defmodule Demo.MixProject do..."(68 lines)>,
        dirty?: true,
        language_id: "elixir-script"
      }

  Stacktrace:

    (elixir 1.18.4) Code.Identifier.inspect_as_atom(LXical.Document)
    (lx_lexical_shared 0.5.0) lib/lexical/document.ex:25: Inspect.LXical.Document.inspect/2
    (elixir 1.18.4) lib/inspect/algebra.ex:348: Inspect.Algebra.to_doc/2
    (elixir 1.18.4) lib/inspect.ex:366: Inspect.List.keyword/2
    (elixir 1.18.4) lib/inspect/algebra.ex:479: Inspect.Algebra.container_each/6
    (elixir 1.18.4) lib/inspect/algebra.ex:456: Inspect.Algebra.container_doc/6
    (elixir 1.18.4) lib/inspect/algebra.ex:348: Inspect.Algebra.to_doc/2
    (elixir 1.18.4) lib/kernel.ex:2376: Kernel.inspect/2

>, lsp: %{id: 173, __struct__: LXical.Protocol.Requests.DocumentSymbols.LSP, text_document: #Protocol.Types.TextDocument.Identifier<[uri: "file:///home/fermuch/Documentos/Dev/AYVU/nerves_system_coral/demo/mix.exs"]>, method: "textDocument/documentSymbol", jsonrpc: "2.0", partial_result_token: nil, work_done_token: nil}, text_document: #Protocol.Types.TextDocument.Identifier<[uri: "file:///home/fermuch/Documentos/Dev/AYVU/nerves_system_coral/demo/mix.exs"]>, method: "textDocument/documentSymbol", jsonrpc: "2.0", partial_result_token: nil, work_done_token: nil}, nil)
    (lx_server 0.7.2) lib/lexical/server/task_queue.ex:79: anonymous fn/4 in LXical.Server.TaskQueue.State.as_task/2
    (elixir 1.18.4) lib/task/supervised.ex:101: Task.Supervised.invoke_mfa/2
    (elixir 1.18.4) lib/task/supervised.ex:36: Task.Supervised.reply/4

16:32:34.919 [warning] Task Elixir.LXical.Server.Provider.Handlers.DocumentSymbols.handle/2 ran for  3 ms. Result :success
16:32:35.027 [error] Received textDocument/didSave before server was initialized
16:32:35.028 [error] Failed to handle Elixir.LXical.Protocol.Notifications.DidSave, {{:error, :not_initialized}, %{__struct__: LXical.Server.State, configuration: nil, in_flight_requests: %{}, initialized?: false, shutdown_received?: false}}
16:32:35.028 [error] Could not handle message LXical.Protocol.Notifications.DidSave :ok
16:32:46.662 [error] ** (FunctionClauseError) no function clause matching in LXical.Server.Provider.Handlers.CodeLens.handle/2
    (lx_server 0.7.2) lib/lexical/server/provider/handlers/code_lens.ex:16: LXical.Server.Provider.Handlers.CodeLens.handle(%{id: 174, __struct__: LXical.Protocol.Requests.CodeLens, document: #Inspect.Error<
  got UndefinedFunctionError with message:

      """
      function Code.Identifier.inspect_as_atom/1 is undefined or private
      """

  while inspecting:

      %{
        version: 61,
        path: "/home/fermuch/Documentos/Dev/AYVU/nerves_system_coral/demo/mix.exs",
        uri: "file:///home/fermuch/Documentos/Dev/AYVU/nerves_system_coral/demo/mix.exs",
        __struct__: LXical.Document,
        lines: %Lines<"defmodule Demo.MixProject do..."(68 lines)>,
        dirty?: true,
        language_id: "elixir-script"
      }

  Stacktrace:

    (elixir 1.18.4) Code.Identifier.inspect_as_atom(LXical.Document)
    (lx_lexical_shared 0.5.0) lib/lexical/document.ex:25: Inspect.LXical.Document.inspect/2
    (elixir 1.18.4) lib/inspect/algebra.ex:348: Inspect.Algebra.to_doc/2
    (elixir 1.18.4) lib/inspect.ex:366: Inspect.List.keyword/2
    (elixir 1.18.4) lib/inspect/algebra.ex:479: Inspect.Algebra.container_each/6
    (elixir 1.18.4) lib/inspect/algebra.ex:456: Inspect.Algebra.container_doc/6
    (elixir 1.18.4) lib/inspect/algebra.ex:348: Inspect.Algebra.to_doc/2
    (elixir 1.18.4) lib/kernel.ex:2376: Kernel.inspect/2

>, lsp: %{id: 174, __struct__: LXical.Protocol.Requests.CodeLens.LSP, text_document: #Protocol.Types.TextDocument.Identifier<[uri: "file:///home/fermuch/Documentos/Dev/AYVU/nerves_system_coral/demo/mix.exs"]>, method: "textDocument/codeLens", jsonrpc: "2.0", partial_result_token: nil, work_done_token: nil}, text_document: #Protocol.Types.TextDocument.Identifier<[uri: "file:///home/fermuch/Documentos/Dev/AYVU/nerves_system_coral/demo/mix.exs"]>, method: "textDocument/codeLens", jsonrpc: "2.0", partial_result_token: nil, work_done_token: nil}, nil)
    (lx_server 0.7.2) lib/lexical/server/task_queue.ex:79: anonymous fn/4 in LXical.Server.TaskQueue.State.as_task/2
    (elixir 1.18.4) lib/task/supervised.ex:101: Task.Supervised.invoke_mfa/2
    (elixir 1.18.4) lib/task/supervised.ex:36: Task.Supervised.reply/4

16:32:46.662 [warning] Task Elixir.LXical.Server.Provider.Handlers.CodeLens.handle/2 ran for  2 ms. Result :success
16:32:49.894 [error] ** (FunctionClauseError) no function clause matching in LXical.Server.Provider.Handlers.CodeLens.handle/2
    (lx_server 0.7.2) lib/lexical/server/provider/handlers/code_lens.ex:16: LXical.Server.Provider.Handlers.CodeLens.handle(%{id: 175, __struct__: LXical.Protocol.Requests.CodeLens, document: #Inspect.Error<
  got UndefinedFunctionError with message:

      """
      function Code.Identifier.inspect_as_atom/1 is undefined or private
      """

  while inspecting:

      %{
        version: 61,
        path: "/home/fermuch/Documentos/Dev/AYVU/nerves_system_coral/demo/mix.exs",
        uri: "file:///home/fermuch/Documentos/Dev/AYVU/nerves_system_coral/demo/mix.exs",
        __struct__: LXical.Document,
        lines: %Lines<"defmodule Demo.MixProject do..."(68 lines)>,
        dirty?: true,
        language_id: "elixir-script"
      }

  Stacktrace:

    (elixir 1.18.4) Code.Identifier.inspect_as_atom(LXical.Document)
    (lx_lexical_shared 0.5.0) lib/lexical/document.ex:25: Inspect.LXical.Document.inspect/2
    (elixir 1.18.4) lib/inspect/algebra.ex:348: Inspect.Algebra.to_doc/2
    (elixir 1.18.4) lib/inspect.ex:366: Inspect.List.keyword/2
    (elixir 1.18.4) lib/inspect/algebra.ex:479: Inspect.Algebra.container_each/6
    (elixir 1.18.4) lib/inspect/algebra.ex:456: Inspect.Algebra.container_doc/6
    (elixir 1.18.4) lib/inspect/algebra.ex:348: Inspect.Algebra.to_doc/2
    (elixir 1.18.4) lib/kernel.ex:2376: Kernel.inspect/2

>, lsp: %{id: 175, __struct__: LXical.Protocol.Requests.CodeLens.LSP, text_document: #Protocol.Types.TextDocument.Identifier<[uri: "file:///home/fermuch/Documentos/Dev/AYVU/nerves_system_coral/demo/mix.exs"]>, method: "textDocument/codeLens", jsonrpc: "2.0", partial_result_token: nil, work_done_token: nil}, text_document: #Protocol.Types.TextDocument.Identifier<[uri: "file:///home/fermuch/Documentos/Dev/AYVU/nerves_system_coral/demo/mix.exs"]>, method: "textDocument/codeLens", jsonrpc: "2.0", partial_result_token: nil, work_done_token: nil}, nil)
    (lx_server 0.7.2) lib/lexical/server/task_queue.ex:79: anonymous fn/4 in LXical.Server.TaskQueue.State.as_task/2
    (elixir 1.18.4) lib/task/supervised.ex:101: Task.Supervised.invoke_mfa/2
    (elixir 1.18.4) lib/task/supervised.ex:36: Task.Supervised.reply/4

16:32:49.894 [warning] Task Elixir.LXical.Server.Provider.Handlers.CodeLens.handle/2 ran for  1 ms. Result :success
16:32:50.592 [error] Received textDocument/didChange before server was initialized
16:32:50.593 [error] Failed to handle Elixir.LXical.Protocol.Notifications.DidChange, {{:error, :not_initialized}, %{__struct__: LXical.Server.State, configuration: nil, in_flight_requests: %{}, initialized?: false, shutdown_received?: false}}
16:32:50.593 [error] Could not handle message LXical.Protocol.Notifications.DidChange :ok
16:32:50.851 [error] ** (FunctionClauseError) no function clause matching in LXical.Server.Provider.Handlers.CodeLens.handle/2
    (lx_server 0.7.2) lib/lexical/server/provider/handlers/code_lens.ex:16: LXical.Server.Provider.Handlers.CodeLens.handle(%{id: 176, __struct__: LXical.Protocol.Requests.CodeLens, document: #Inspect.Error<
  got UndefinedFunctionError with message:

      """
      function Code.Identifier.inspect_as_atom/1 is undefined or private
      """

  while inspecting:

      %{
        version: 61,
        path: "/home/fermuch/Documentos/Dev/AYVU/nerves_system_coral/demo/mix.exs",
        uri: "file:///home/fermuch/Documentos/Dev/AYVU/nerves_system_coral/demo/mix.exs",
        __struct__: LXical.Document,
        lines: %Lines<"defmodule Demo.MixProject do..."(68 lines)>,
        dirty?: true,
        language_id: "elixir-script"
      }

  Stacktrace:

    (elixir 1.18.4) Code.Identifier.inspect_as_atom(LXical.Document)
    (lx_lexical_shared 0.5.0) lib/lexical/document.ex:25: Inspect.LXical.Document.inspect/2
    (elixir 1.18.4) lib/inspect/algebra.ex:348: Inspect.Algebra.to_doc/2
    (elixir 1.18.4) lib/inspect.ex:366: Inspect.List.keyword/2
    (elixir 1.18.4) lib/inspect/algebra.ex:479: Inspect.Algebra.container_each/6
    (elixir 1.18.4) lib/inspect/algebra.ex:456: Inspect.Algebra.container_doc/6
    (elixir 1.18.4) lib/inspect/algebra.ex:348: Inspect.Algebra.to_doc/2
    (elixir 1.18.4) lib/kernel.ex:2376: Kernel.inspect/2

>, lsp: %{id: 176, __struct__: LXical.Protocol.Requests.CodeLens.LSP, text_document: #Protocol.Types.TextDocument.Identifier<[uri: "file:///home/fermuch/Documentos/Dev/AYVU/nerves_system_coral/demo/mix.exs"]>, method: "textDocument/codeLens", jsonrpc: "2.0", partial_result_token: nil, work_done_token: nil}, text_document: #Protocol.Types.TextDocument.Identifier<[uri: "file:///home/fermuch/Documentos/Dev/AYVU/nerves_system_coral/demo/mix.exs"]>, method: "textDocument/codeLens", jsonrpc: "2.0", partial_result_token: nil, work_done_token: nil}, nil)
    (lx_server 0.7.2) lib/lexical/server/task_queue.ex:79: anonymous fn/4 in LXical.Server.TaskQueue.State.as_task/2
    (elixir 1.18.4) lib/task/supervised.ex:101: Task.Supervised.invoke_mfa/2
    (elixir 1.18.4) lib/task/supervised.ex:36: Task.Supervised.reply/4

16:32:50.851 [warning] Task Elixir.LXical.Server.Provider.Handlers.CodeLens.handle/2 ran for  2 ms. Result :success
16:32:50.928 [error] Received textDocument/didChange before server was initialized
16:32:50.929 [error] Failed to handle Elixir.LXical.Protocol.Notifications.DidChange, {{:error, :not_initialized}, %{__struct__: LXical.Server.State, configuration: nil, in_flight_requests: %{}, initialized?: false, shutdown_received?: false}}
16:32:50.929 [error] Could not handle message LXical.Protocol.Notifications.DidChange :ok
16:32:50.945 [error] ** (FunctionClauseError) no function clause matching in LXical.Server.Provider.Handlers.DocumentSymbols.handle/2
    (lx_server 0.7.2) lib/lexical/server/provider/handlers/document_symbols.ex:13: LXical.Server.Provider.Handlers.DocumentSymbols.handle(%{id: 177, __struct__: LXical.Protocol.Requests.DocumentSymbols, document: #Inspect.Error<
  got UndefinedFunctionError with message:

      """
      function Code.Identifier.inspect_as_atom/1 is undefined or private
      """

  while inspecting:

      %{
        version: 61,
        path: "/home/fermuch/Documentos/Dev/AYVU/nerves_system_coral/demo/mix.exs",
        uri: "file:///home/fermuch/Documentos/Dev/AYVU/nerves_system_coral/demo/mix.exs",
        __struct__: LXical.Document,
        lines: %Lines<"defmodule Demo.MixProject do..."(68 lines)>,
        dirty?: true,
        language_id: "elixir-script"
      }

  Stacktrace:

    (elixir 1.18.4) Code.Identifier.inspect_as_atom(LXical.Document)
    (lx_lexical_shared 0.5.0) lib/lexical/document.ex:25: Inspect.LXical.Document.inspect/2
    (elixir 1.18.4) lib/inspect/algebra.ex:348: Inspect.Algebra.to_doc/2
    (elixir 1.18.4) lib/inspect.ex:366: Inspect.List.keyword/2
    (elixir 1.18.4) lib/inspect/algebra.ex:479: Inspect.Algebra.container_each/6
    (elixir 1.18.4) lib/inspect/algebra.ex:456: Inspect.Algebra.container_doc/6
    (elixir 1.18.4) lib/inspect/algebra.ex:348: Inspect.Algebra.to_doc/2
    (elixir 1.18.4) lib/kernel.ex:2376: Kernel.inspect/2

>, lsp: %{id: 177, __struct__: LXical.Protocol.Requests.DocumentSymbols.LSP, text_document: #Protocol.Types.TextDocument.Identifier<[uri: "file:///home/fermuch/Documentos/Dev/AYVU/nerves_system_coral/demo/mix.exs"]>, method: "textDocument/documentSymbol", jsonrpc: "2.0", partial_result_token: nil, work_done_token: nil}, text_document: #Protocol.Types.TextDocument.Identifier<[uri: "file:///home/fermuch/Documentos/Dev/AYVU/nerves_system_coral/demo/mix.exs"]>, method: "textDocument/documentSymbol", jsonrpc: "2.0", partial_result_token: nil, work_done_token: nil}, nil)
    (lx_server 0.7.2) lib/lexical/server/task_queue.ex:79: anonymous fn/4 in LXical.Server.TaskQueue.State.as_task/2
    (elixir 1.18.4) lib/task/supervised.ex:101: Task.Supervised.invoke_mfa/2
    (elixir 1.18.4) lib/task/supervised.ex:36: Task.Supervised.reply/4

16:32:50.945 [warning] Task Elixir.LXical.Server.Provider.Handlers.DocumentSymbols.handle/2 ran for  1 ms. Result :success
16:32:51.181 [error] ** (FunctionClauseError) no function clause matching in LXical.Server.Provider.Handlers.CodeLens.handle/2
    (lx_server 0.7.2) lib/lexical/server/provider/handlers/code_lens.ex:16: LXical.Server.Provider.Handlers.CodeLens.handle(%{id: 178, __struct__: LXical.Protocol.Requests.CodeLens, document: #Inspect.Error<
  got UndefinedFunctionError with message:

      """
      function Code.Identifier.inspect_as_atom/1 is undefined or private
      """

  while inspecting:

      %{
        version: 61,
        path: "/home/fermuch/Documentos/Dev/AYVU/nerves_system_coral/demo/mix.exs",
        uri: "file:///home/fermuch/Documentos/Dev/AYVU/nerves_system_coral/demo/mix.exs",
        __struct__: LXical.Document,
        lines: %Lines<"defmodule Demo.MixProject do..."(68 lines)>,
        dirty?: true,
        language_id: "elixir-script"
      }

  Stacktrace:

    (elixir 1.18.4) Code.Identifier.inspect_as_atom(LXical.Document)
    (lx_lexical_shared 0.5.0) lib/lexical/document.ex:25: Inspect.LXical.Document.inspect/2
    (elixir 1.18.4) lib/inspect/algebra.ex:348: Inspect.Algebra.to_doc/2
    (elixir 1.18.4) lib/inspect.ex:366: Inspect.List.keyword/2
    (elixir 1.18.4) lib/inspect/algebra.ex:479: Inspect.Algebra.container_each/6
    (elixir 1.18.4) lib/inspect/algebra.ex:456: Inspect.Algebra.container_doc/6
    (elixir 1.18.4) lib/inspect/algebra.ex:348: Inspect.Algebra.to_doc/2
    (elixir 1.18.4) lib/kernel.ex:2376: Kernel.inspect/2

>, lsp: %{id: 178, __struct__: LXical.Protocol.Requests.CodeLens.LSP, text_document: #Protocol.Types.TextDocument.Identifier<[uri: "file:///home/fermuch/Documentos/Dev/AYVU/nerves_system_coral/demo/mix.exs"]>, method: "textDocument/codeLens", jsonrpc: "2.0", partial_result_token: nil, work_done_token: nil}, text_document: #Protocol.Types.TextDocument.Identifier<[uri: "file:///home/fermuch/Documentos/Dev/AYVU/nerves_system_coral/demo/mix.exs"]>, method: "textDocument/codeLens", jsonrpc: "2.0", partial_result_token: nil, work_done_token: nil}, nil)
    (lx_server 0.7.2) lib/lexical/server/task_queue.ex:79: anonymous fn/4 in LXical.Server.TaskQueue.State.as_task/2
    (elixir 1.18.4) lib/task/supervised.ex:101: Task.Supervised.invoke_mfa/2
    (elixir 1.18.4) lib/task/supervised.ex:36: Task.Supervised.reply/4

16:32:51.181 [warning] Task Elixir.LXical.Server.Provider.Handlers.CodeLens.handle/2 ran for  1 ms. Result :success
16:32:51.282 [error] ** (FunctionClauseError) no function clause matching in LXical.Server.Provider.Handlers.DocumentSymbols.handle/2
    (lx_server 0.7.2) lib/lexical/server/provider/handlers/document_symbols.ex:13: LXical.Server.Provider.Handlers.DocumentSymbols.handle(%{id: 179, __struct__: LXical.Protocol.Requests.DocumentSymbols, document: #Inspect.Error<
  got UndefinedFunctionError with message:

      """
      function Code.Identifier.inspect_as_atom/1 is undefined or private
      """

  while inspecting:

      %{
        version: 61,
        path: "/home/fermuch/Documentos/Dev/AYVU/nerves_system_coral/demo/mix.exs",
        uri: "file:///home/fermuch/Documentos/Dev/AYVU/nerves_system_coral/demo/mix.exs",
        __struct__: LXical.Document,
        lines: %Lines<"defmodule Demo.MixProject do..."(68 lines)>,
        dirty?: true,
        language_id: "elixir-script"
      }

  Stacktrace:

    (elixir 1.18.4) Code.Identifier.inspect_as_atom(LXical.Document)
    (lx_lexical_shared 0.5.0) lib/lexical/document.ex:25: Inspect.LXical.Document.inspect/2
    (elixir 1.18.4) lib/inspect/algebra.ex:348: Inspect.Algebra.to_doc/2
    (elixir 1.18.4) lib/inspect.ex:366: Inspect.List.keyword/2
    (elixir 1.18.4) lib/inspect/algebra.ex:479: Inspect.Algebra.container_each/6
    (elixir 1.18.4) lib/inspect/algebra.ex:456: Inspect.Algebra.container_doc/6
    (elixir 1.18.4) lib/inspect/algebra.ex:348: Inspect.Algebra.to_doc/2
    (elixir 1.18.4) lib/kernel.ex:2376: Kernel.inspect/2

>, lsp: %{id: 179, __struct__: LXical.Protocol.Requests.DocumentSymbols.LSP, text_document: #Protocol.Types.TextDocument.Identifier<[uri: "file:///home/fermuch/Documentos/Dev/AYVU/nerves_system_coral/demo/mix.exs"]>, method: "textDocument/documentSymbol", jsonrpc: "2.0", partial_result_token: nil, work_done_token: nil}, text_document: #Protocol.Types.TextDocument.Identifier<[uri: "file:///home/fermuch/Documentos/Dev/AYVU/nerves_system_coral/demo/mix.exs"]>, method: "textDocument/documentSymbol", jsonrpc: "2.0", partial_result_token: nil, work_done_token: nil}, nil)
    (lx_server 0.7.2) lib/lexical/server/task_queue.ex:79: anonymous fn/4 in LXical.Server.TaskQueue.State.as_task/2
    (elixir 1.18.4) lib/task/supervised.ex:101: Task.Supervised.invoke_mfa/2
    (elixir 1.18.4) lib/task/supervised.ex:36: Task.Supervised.reply/4

16:32:51.282 [warning] Task Elixir.LXical.Server.Provider.Handlers.DocumentSymbols.handle/2 ran for  2 ms. Result :success
16:32:51.283 [error] ** (FunctionClauseError) no function clause matching in LXical.Server.Provider.Handlers.DocumentSymbols.handle/2
    (lx_server 0.7.2) lib/lexical/server/provider/handlers/document_symbols.ex:13: LXical.Server.Provider.Handlers.DocumentSymbols.handle(%{id: 180, __struct__: LXical.Protocol.Requests.DocumentSymbols, document: #Inspect.Error<
  got UndefinedFunctionError with message:

      """
      function Code.Identifier.inspect_as_atom/1 is undefined or private
      """

  while inspecting:

      %{
        version: 61,
        path: "/home/fermuch/Documentos/Dev/AYVU/nerves_system_coral/demo/mix.exs",
        uri: "file:///home/fermuch/Documentos/Dev/AYVU/nerves_system_coral/demo/mix.exs",
        __struct__: LXical.Document,
        lines: %Lines<"defmodule Demo.MixProject do..."(68 lines)>,
        dirty?: true,
        language_id: "elixir-script"
      }

  Stacktrace:

    (elixir 1.18.4) Code.Identifier.inspect_as_atom(LXical.Document)
    (lx_lexical_shared 0.5.0) lib/lexical/document.ex:25: Inspect.LXical.Document.inspect/2
    (elixir 1.18.4) lib/inspect/algebra.ex:348: Inspect.Algebra.to_doc/2
    (elixir 1.18.4) lib/inspect.ex:366: Inspect.List.keyword/2
    (elixir 1.18.4) lib/inspect/algebra.ex:479: Inspect.Algebra.container_each/6
    (elixir 1.18.4) lib/inspect/algebra.ex:456: Inspect.Algebra.container_doc/6
    (elixir 1.18.4) lib/inspect/algebra.ex:348: Inspect.Algebra.to_doc/2
    (elixir 1.18.4) lib/kernel.ex:2376: Kernel.inspect/2

>, lsp: %{id: 180, __struct__: LXical.Protocol.Requests.DocumentSymbols.LSP, text_document: #Protocol.Types.TextDocument.Identifier<[uri: "file:///home/fermuch/Documentos/Dev/AYVU/nerves_system_coral/demo/mix.exs"]>, method: "textDocument/documentSymbol", jsonrpc: "2.0", partial_result_token: nil, work_done_token: nil}, text_document: #Protocol.Types.TextDocument.Identifier<[uri: "file:///home/fermuch/Documentos/Dev/AYVU/nerves_system_coral/demo/mix.exs"]>, method: "textDocument/documentSymbol", jsonrpc: "2.0", partial_result_token: nil, work_done_token: nil}, nil)
    (lx_server 0.7.2) lib/lexical/server/task_queue.ex:79: anonymous fn/4 in LXical.Server.TaskQueue.State.as_task/2
    (elixir 1.18.4) lib/task/supervised.ex:101: Task.Supervised.invoke_mfa/2
    (elixir 1.18.4) lib/task/supervised.ex:36: Task.Supervised.reply/4

16:32:51.283 [warning] Task Elixir.LXical.Server.Provider.Handlers.DocumentSymbols.handle/2 ran for  3 ms. Result :success
16:32:51.353 [error] Received textDocument/didSave before server was initialized
16:32:51.354 [error] Failed to handle Elixir.LXical.Protocol.Notifications.DidSave, {{:error, :not_initialized}, %{__struct__: LXical.Server.State, configuration: nil, in_flight_requests: %{}, initialized?: false, shutdown_received?: false}}
16:32:51.354 [error] Could not handle message LXical.Protocol.Notifications.DidSave :ok
